{"C:\\Users\\ADP\\Front-end-dev\\redux-starter\\src\\math.js": {"path":"C:\\Users\\ADP\\Front-end-dev\\redux-starter\\src\\math.js","statementMap":{"0":{"start":{"line":1,"column":22},"end":{"line":1,"column":48}},"1":{"start":{"line":1,"column":32},"end":{"line":1,"column":48}}},"fnMap":{"0":{"name":"(anonymous_0)","decl":{"start":{"line":1,"column":22},"end":{"line":1,"column":23}},"loc":{"start":{"line":1,"column":32},"end":{"line":1,"column":48}},"line":1}},"branchMap":{},"s":{"0":1,"1":2},"f":{"0":2},"b":{},"_coverageSchema":"1a1c01bbd47fc00a2c39e90264f33305004495a9","hash":"9a2ec6ae8d8963dbc5c78f2859d7caed9e17afc8"}
,"C:\\Users\\ADP\\Front-end-dev\\redux-starter\\src\\store\\api.js": {"path":"C:\\Users\\ADP\\Front-end-dev\\redux-starter\\src\\store\\api.js","statementMap":{"0":{"start":{"line":3,"column":27},"end":{"line":3,"column":55}},"1":{"start":{"line":4,"column":29},"end":{"line":4,"column":59}},"2":{"start":{"line":5,"column":28},"end":{"line":5,"column":57}}},"fnMap":{},"branchMap":{},"s":{"0":1,"1":1,"2":1},"f":{},"b":{},"_coverageSchema":"1a1c01bbd47fc00a2c39e90264f33305004495a9","hash":"8048cde25c86bc9e0f76164f1f62bf177cd305d9"}
,"C:\\Users\\ADP\\Front-end-dev\\redux-starter\\src\\store\\bugs.js": {"path":"C:\\Users\\ADP\\Front-end-dev\\redux-starter\\src\\store\\bugs.js","statementMap":{"0":{"start":{"line":16,"column":14},"end":{"line":52,"column":2}},"1":{"start":{"line":25,"column":6},"end":{"line":25,"column":38}},"2":{"start":{"line":28,"column":20},"end":{"line":28,"column":77}},"3":{"start":{"line":28,"column":48},"end":{"line":28,"column":76}},"4":{"start":{"line":29,"column":6},"end":{"line":29,"column":40}},"5":{"start":{"line":32,"column":20},"end":{"line":32,"column":77}},"6":{"start":{"line":32,"column":48},"end":{"line":32,"column":76}},"7":{"start":{"line":33,"column":6},"end":{"line":33,"column":35}},"8":{"start":{"line":36,"column":34},"end":{"line":36,"column":48}},"9":{"start":{"line":37,"column":20},"end":{"line":37,"column":65}},"10":{"start":{"line":37,"column":48},"end":{"line":37,"column":64}},"11":{"start":{"line":38,"column":6},"end":{"line":38,"column":40}},"12":{"start":{"line":41,"column":6},"end":{"line":41,"column":34}},"13":{"start":{"line":42,"column":6},"end":{"line":42,"column":28}},"14":{"start":{"line":43,"column":6},"end":{"line":43,"column":35}},"15":{"start":{"line":46,"column":6},"end":{"line":46,"column":27}},"16":{"start":{"line":49,"column":6},"end":{"line":49,"column":28}},"17":{"start":{"line":55,"column":94},"end":{"line":55,"column":107}},"18":{"start":{"line":62,"column":24},"end":{"line":75,"column":1}},"19":{"start":{"line":62,"column":30},"end":{"line":75,"column":1}},"20":{"start":{"line":63,"column":22},"end":{"line":63,"column":56}},"21":{"start":{"line":64,"column":26},"end":{"line":64,"column":71}},"22":{"start":{"line":65,"column":2},"end":{"line":65,"column":34}},"23":{"start":{"line":65,"column":27},"end":{"line":65,"column":34}},"24":{"start":{"line":67,"column":2},"end":{"line":74,"column":4}},"25":{"start":{"line":78,"column":22},"end":{"line":91,"column":1}},"26":{"start":{"line":78,"column":29},"end":{"line":91,"column":1}},"27":{"start":{"line":79,"column":2},"end":{"line":90,"column":3}},"28":{"start":{"line":80,"column":21},"end":{"line":85,"column":6}},"29":{"start":{"line":86,"column":4},"end":{"line":86,"column":33}},"30":{"start":{"line":89,"column":4},"end":{"line":89,"column":42}},"31":{"start":{"line":100,"column":24},"end":{"line":105,"column":2}},"32":{"start":{"line":100,"column":32},"end":{"line":105,"column":2}},"33":{"start":{"line":107,"column":31},"end":{"line":112,"column":2}},"34":{"start":{"line":107,"column":50},"end":{"line":112,"column":2}},"35":{"start":{"line":117,"column":31},"end":{"line":120,"column":1}},"36":{"start":{"line":118,"column":11},"end":{"line":118,"column":41}},"37":{"start":{"line":119,"column":10},"end":{"line":119,"column":43}},"38":{"start":{"line":119,"column":29},"end":{"line":119,"column":42}},"39":{"start":{"line":122,"column":28},"end":{"line":125,"column":1}},"40":{"start":{"line":122,"column":38},"end":{"line":125,"column":1}},"41":{"start":{"line":123,"column":11},"end":{"line":123,"column":41}},"42":{"start":{"line":124,"column":10},"end":{"line":124,"column":51}},"43":{"start":{"line":124,"column":29},"end":{"line":124,"column":50}}},"fnMap":{"0":{"name":"(anonymous_0)","decl":{"start":{"line":24,"column":9},"end":{"line":24,"column":10}},"loc":{"start":{"line":24,"column":27},"end":{"line":26,"column":5}},"line":24},"1":{"name":"(anonymous_1)","decl":{"start":{"line":27,"column":12},"end":{"line":27,"column":13}},"loc":{"start":{"line":27,"column":30},"end":{"line":30,"column":5}},"line":27},"2":{"name":"(anonymous_2)","decl":{"start":{"line":28,"column":41},"end":{"line":28,"column":42}},"loc":{"start":{"line":28,"column":48},"end":{"line":28,"column":76}},"line":28},"3":{"name":"(anonymous_3)","decl":{"start":{"line":31,"column":12},"end":{"line":31,"column":13}},"loc":{"start":{"line":31,"column":30},"end":{"line":34,"column":5}},"line":31},"4":{"name":"(anonymous_4)","decl":{"start":{"line":32,"column":41},"end":{"line":32,"column":42}},"loc":{"start":{"line":32,"column":48},"end":{"line":32,"column":76}},"line":32},"5":{"name":"(anonymous_5)","decl":{"start":{"line":35,"column":18},"end":{"line":35,"column":19}},"loc":{"start":{"line":35,"column":36},"end":{"line":39,"column":5}},"line":35},"6":{"name":"(anonymous_6)","decl":{"start":{"line":37,"column":41},"end":{"line":37,"column":42}},"loc":{"start":{"line":37,"column":48},"end":{"line":37,"column":64}},"line":37},"7":{"name":"(anonymous_7)","decl":{"start":{"line":40,"column":17},"end":{"line":40,"column":18}},"loc":{"start":{"line":40,"column":34},"end":{"line":44,"column":5}},"line":40},"8":{"name":"(anonymous_8)","decl":{"start":{"line":45,"column":18},"end":{"line":45,"column":19}},"loc":{"start":{"line":45,"column":35},"end":{"line":47,"column":5}},"line":45},"9":{"name":"(anonymous_9)","decl":{"start":{"line":48,"column":20},"end":{"line":48,"column":21}},"loc":{"start":{"line":48,"column":37},"end":{"line":50,"column":5}},"line":48},"10":{"name":"(anonymous_10)","decl":{"start":{"line":62,"column":24},"end":{"line":62,"column":25}},"loc":{"start":{"line":62,"column":30},"end":{"line":75,"column":1}},"line":62},"11":{"name":"(anonymous_11)","decl":{"start":{"line":62,"column":30},"end":{"line":62,"column":31}},"loc":{"start":{"line":62,"column":54},"end":{"line":75,"column":1}},"line":62},"12":{"name":"(anonymous_12)","decl":{"start":{"line":78,"column":22},"end":{"line":78,"column":23}},"loc":{"start":{"line":78,"column":29},"end":{"line":91,"column":1}},"line":78},"13":{"name":"(anonymous_13)","decl":{"start":{"line":78,"column":29},"end":{"line":78,"column":30}},"loc":{"start":{"line":78,"column":47},"end":{"line":91,"column":1}},"line":78},"14":{"name":"(anonymous_14)","decl":{"start":{"line":100,"column":24},"end":{"line":100,"column":25}},"loc":{"start":{"line":100,"column":32},"end":{"line":105,"column":2}},"line":100},"15":{"name":"(anonymous_15)","decl":{"start":{"line":107,"column":31},"end":{"line":107,"column":32}},"loc":{"start":{"line":107,"column":50},"end":{"line":112,"column":2}},"line":107},"16":{"name":"(anonymous_16)","decl":{"start":{"line":118,"column":2},"end":{"line":118,"column":3}},"loc":{"start":{"line":118,"column":11},"end":{"line":118,"column":41}},"line":118},"17":{"name":"(anonymous_17)","decl":{"start":{"line":119,"column":2},"end":{"line":119,"column":3}},"loc":{"start":{"line":119,"column":10},"end":{"line":119,"column":43}},"line":119},"18":{"name":"(anonymous_18)","decl":{"start":{"line":119,"column":22},"end":{"line":119,"column":23}},"loc":{"start":{"line":119,"column":29},"end":{"line":119,"column":42}},"line":119},"19":{"name":"(anonymous_19)","decl":{"start":{"line":122,"column":28},"end":{"line":122,"column":29}},"loc":{"start":{"line":122,"column":38},"end":{"line":125,"column":1}},"line":122},"20":{"name":"(anonymous_20)","decl":{"start":{"line":123,"column":2},"end":{"line":123,"column":3}},"loc":{"start":{"line":123,"column":11},"end":{"line":123,"column":41}},"line":123},"21":{"name":"(anonymous_21)","decl":{"start":{"line":124,"column":2},"end":{"line":124,"column":3}},"loc":{"start":{"line":124,"column":10},"end":{"line":124,"column":51}},"line":124},"22":{"name":"(anonymous_22)","decl":{"start":{"line":124,"column":22},"end":{"line":124,"column":23}},"loc":{"start":{"line":124,"column":29},"end":{"line":124,"column":50}},"line":124}},"branchMap":{"0":{"loc":{"start":{"line":65,"column":2},"end":{"line":65,"column":34}},"type":"if","locations":[{"start":{"line":65,"column":2},"end":{"line":65,"column":34}},{"start":{},"end":{}}],"line":65}},"s":{"0":1,"1":1,"2":0,"3":0,"4":0,"5":0,"6":0,"7":0,"8":0,"9":0,"10":0,"11":0,"12":0,"13":0,"14":0,"15":0,"16":0,"17":1,"18":1,"19":0,"20":0,"21":0,"22":0,"23":0,"24":0,"25":1,"26":2,"27":2,"28":2,"29":1,"30":1,"31":1,"32":0,"33":1,"34":0,"35":1,"36":0,"37":0,"38":0,"39":1,"40":0,"41":0,"42":0,"43":0},"f":{"0":1,"1":0,"2":0,"3":0,"4":0,"5":0,"6":0,"7":0,"8":0,"9":0,"10":0,"11":0,"12":2,"13":2,"14":0,"15":0,"16":0,"17":0,"18":0,"19":0,"20":0,"21":0,"22":0},"b":{"0":[0,0]},"_coverageSchema":"1a1c01bbd47fc00a2c39e90264f33305004495a9","hash":"cbbbfd155aaf5fef5f56a21c2873d30099eb7e2f"}
,"C:\\Users\\ADP\\Front-end-dev\\redux-starter\\src\\store\\entities.js": {"path":"C:\\Users\\ADP\\Front-end-dev\\redux-starter\\src\\store\\entities.js","statementMap":{},"fnMap":{},"branchMap":{},"s":{},"f":{},"b":{},"_coverageSchema":"1a1c01bbd47fc00a2c39e90264f33305004495a9","hash":"474e11f1ccfe432214b995585d30354f9992105c"}
,"C:\\Users\\ADP\\Front-end-dev\\redux-starter\\src\\store\\projects.js": {"path":"C:\\Users\\ADP\\Front-end-dev\\redux-starter\\src\\store\\projects.js","statementMap":{},"fnMap":{},"branchMap":{},"s":{},"f":{},"b":{},"_coverageSchema":"1a1c01bbd47fc00a2c39e90264f33305004495a9","hash":"e8a5713a44de8e31a5bf20496dbb1f7f582cad9e"}
,"C:\\Users\\ADP\\Front-end-dev\\redux-starter\\src\\store\\reducer.js": {"path":"C:\\Users\\ADP\\Front-end-dev\\redux-starter\\src\\store\\reducer.js","statementMap":{},"fnMap":{},"branchMap":{},"s":{},"f":{},"b":{},"_coverageSchema":"1a1c01bbd47fc00a2c39e90264f33305004495a9","hash":"dcefa1ce0fad8a8d147cc91354fab59e7c62f21a"}
,"C:\\Users\\ADP\\Front-end-dev\\redux-starter\\src\\store\\store.js": {"path":"C:\\Users\\ADP\\Front-end-dev\\redux-starter\\src\\store\\store.js","statementMap":{"0":{"start":{"line":8,"column":14},"end":{"line":17,"column":2}},"1":{"start":{"line":20,"column":2},"end":{"line":29,"column":5}}},"fnMap":{"0":{"name":"configStore","decl":{"start":{"line":19,"column":9},"end":{"line":19,"column":20}},"loc":{"start":{"line":19,"column":23},"end":{"line":30,"column":1}},"line":19}},"branchMap":{},"s":{"0":1,"1":2},"f":{"0":2},"b":{},"_coverageSchema":"1a1c01bbd47fc00a2c39e90264f33305004495a9","hash":"7be67c3140c0aa48b210eb7a98f57aafb0bceb54"}
,"C:\\Users\\ADP\\Front-end-dev\\redux-starter\\src\\store\\user.js": {"path":"C:\\Users\\ADP\\Front-end-dev\\redux-starter\\src\\store\\user.js","statementMap":{"0":{"start":{"line":2,"column":14},"end":{"line":2,"column":15}},"1":{"start":{"line":3,"column":14},"end":{"line":18,"column":2}},"2":{"start":{"line":8,"column":6},"end":{"line":11,"column":9}},"3":{"start":{"line":14,"column":20},"end":{"line":14,"column":78}},"4":{"start":{"line":14,"column":44},"end":{"line":14,"column":77}},"5":{"start":{"line":15,"column":6},"end":{"line":15,"column":30}},"6":{"start":{"line":20,"column":37},"end":{"line":20,"column":50}}},"fnMap":{"0":{"name":"(anonymous_0)","decl":{"start":{"line":7,"column":13},"end":{"line":7,"column":14}},"loc":{"start":{"line":7,"column":31},"end":{"line":12,"column":5}},"line":7},"1":{"name":"(anonymous_1)","decl":{"start":{"line":13,"column":16},"end":{"line":13,"column":17}},"loc":{"start":{"line":13,"column":34},"end":{"line":16,"column":5}},"line":13},"2":{"name":"(anonymous_2)","decl":{"start":{"line":14,"column":36},"end":{"line":14,"column":37}},"loc":{"start":{"line":14,"column":44},"end":{"line":14,"column":77}},"line":14}},"branchMap":{},"s":{"0":1,"1":1,"2":0,"3":0,"4":0,"5":0,"6":1},"f":{"0":0,"1":0,"2":0},"b":{},"_coverageSchema":"1a1c01bbd47fc00a2c39e90264f33305004495a9","hash":"9b6237935c61c68d65a13cac9abf898d46239b94"}
,"C:\\Users\\ADP\\Front-end-dev\\redux-starter\\src\\store\\middleware\\api.js": {"path":"C:\\Users\\ADP\\Front-end-dev\\redux-starter\\src\\store\\middleware\\api.js","statementMap":{"0":{"start":{"line":7,"column":12},"end":{"line":46,"column":1}},"1":{"start":{"line":7,"column":21},"end":{"line":46,"column":1}},"2":{"start":{"line":7,"column":29},"end":{"line":46,"column":1}},"3":{"start":{"line":9,"column":2},"end":{"line":12,"column":3}},"4":{"start":{"line":11,"column":4},"end":{"line":11,"column":24}},"5":{"start":{"line":14,"column":59},"end":{"line":14,"column":73}},"6":{"start":{"line":16,"column":2},"end":{"line":17,"column":36}},"7":{"start":{"line":17,"column":4},"end":{"line":17,"column":36}},"8":{"start":{"line":19,"column":3},"end":{"line":19,"column":16}},"9":{"start":{"line":21,"column":2},"end":{"line":45,"column":3}},"10":{"start":{"line":24,"column":21},"end":{"line":29,"column":6}},"11":{"start":{"line":32,"column":4},"end":{"line":32,"column":57}},"12":{"start":{"line":35,"column":4},"end":{"line":36,"column":64}},"13":{"start":{"line":36,"column":6},"end":{"line":36,"column":64}},"14":{"start":{"line":40,"column":4},"end":{"line":40,"column":56}},"15":{"start":{"line":43,"column":4},"end":{"line":44,"column":62}},"16":{"start":{"line":44,"column":6},"end":{"line":44,"column":62}}},"fnMap":{"0":{"name":"(anonymous_0)","decl":{"start":{"line":7,"column":12},"end":{"line":7,"column":13}},"loc":{"start":{"line":7,"column":21},"end":{"line":46,"column":1}},"line":7},"1":{"name":"(anonymous_1)","decl":{"start":{"line":7,"column":21},"end":{"line":7,"column":22}},"loc":{"start":{"line":7,"column":29},"end":{"line":46,"column":1}},"line":7},"2":{"name":"(anonymous_2)","decl":{"start":{"line":7,"column":29},"end":{"line":7,"column":30}},"loc":{"start":{"line":8,"column":0},"end":{"line":46,"column":1}},"line":8}},"branchMap":{"0":{"loc":{"start":{"line":9,"column":2},"end":{"line":12,"column":3}},"type":"if","locations":[{"start":{"line":9,"column":2},"end":{"line":12,"column":3}},{"start":{},"end":{}}],"line":9},"1":{"loc":{"start":{"line":16,"column":2},"end":{"line":17,"column":36}},"type":"if","locations":[{"start":{"line":16,"column":2},"end":{"line":17,"column":36}},{"start":{},"end":{}}],"line":16},"2":{"loc":{"start":{"line":35,"column":4},"end":{"line":36,"column":64}},"type":"if","locations":[{"start":{"line":35,"column":4},"end":{"line":36,"column":64}},{"start":{},"end":{}}],"line":35},"3":{"loc":{"start":{"line":43,"column":4},"end":{"line":44,"column":62}},"type":"if","locations":[{"start":{"line":43,"column":4},"end":{"line":44,"column":62}},{"start":{},"end":{}}],"line":43}},"s":{"0":1,"1":3,"2":3,"3":2,"4":2,"5":0,"6":0,"7":0,"8":0,"9":0,"10":0,"11":0,"12":0,"13":0,"14":0,"15":0,"16":0},"f":{"0":3,"1":3,"2":2},"b":{"0":[2,0],"1":[0,0],"2":[0,0],"3":[0,0]},"_coverageSchema":"1a1c01bbd47fc00a2c39e90264f33305004495a9","hash":"f154fc3eca936ea4bea1fea96284a1d71e08dcb4"}
,"C:\\Users\\ADP\\Front-end-dev\\redux-starter\\src\\store\\middleware\\func.js": {"path":"C:\\Users\\ADP\\Front-end-dev\\redux-starter\\src\\store\\middleware\\func.js","statementMap":{"0":{"start":{"line":1,"column":13},"end":{"line":6,"column":1}},"1":{"start":{"line":1,"column":22},"end":{"line":6,"column":1}},"2":{"start":{"line":1,"column":30},"end":{"line":6,"column":1}},"3":{"start":{"line":2,"column":2},"end":{"line":5,"column":17}},"4":{"start":{"line":3,"column":4},"end":{"line":3,"column":13}},"5":{"start":{"line":5,"column":4},"end":{"line":5,"column":17}}},"fnMap":{"0":{"name":"(anonymous_0)","decl":{"start":{"line":1,"column":13},"end":{"line":1,"column":14}},"loc":{"start":{"line":1,"column":22},"end":{"line":6,"column":1}},"line":1},"1":{"name":"(anonymous_1)","decl":{"start":{"line":1,"column":22},"end":{"line":1,"column":23}},"loc":{"start":{"line":1,"column":30},"end":{"line":6,"column":1}},"line":1},"2":{"name":"(anonymous_2)","decl":{"start":{"line":1,"column":30},"end":{"line":1,"column":31}},"loc":{"start":{"line":1,"column":39},"end":{"line":6,"column":1}},"line":1}},"branchMap":{"0":{"loc":{"start":{"line":2,"column":2},"end":{"line":5,"column":17}},"type":"if","locations":[{"start":{"line":2,"column":2},"end":{"line":5,"column":17}},{"start":{"line":5,"column":4},"end":{"line":5,"column":17}}],"line":2}},"s":{"0":1,"1":3,"2":3,"3":2,"4":0,"5":2},"f":{"0":3,"1":3,"2":2},"b":{"0":[0,2]},"_coverageSchema":"1a1c01bbd47fc00a2c39e90264f33305004495a9","hash":"93865d84ea53fc1c7cbdcd08dce470aacc3e9a08"}
,"C:\\Users\\ADP\\Front-end-dev\\redux-starter\\src\\store\\middleware\\logger.js": {"path":"C:\\Users\\ADP\\Front-end-dev\\redux-starter\\src\\store\\middleware\\logger.js","statementMap":{"0":{"start":{"line":1,"column":15},"end":{"line":4,"column":1}},"1":{"start":{"line":1,"column":24},"end":{"line":4,"column":1}},"2":{"start":{"line":1,"column":33},"end":{"line":4,"column":1}},"3":{"start":{"line":1,"column":41},"end":{"line":4,"column":1}},"4":{"start":{"line":2,"column":2},"end":{"line":2,"column":32}},"5":{"start":{"line":3,"column":2},"end":{"line":3,"column":22}}},"fnMap":{"0":{"name":"(anonymous_0)","decl":{"start":{"line":1,"column":15},"end":{"line":1,"column":16}},"loc":{"start":{"line":1,"column":24},"end":{"line":4,"column":1}},"line":1},"1":{"name":"(anonymous_1)","decl":{"start":{"line":1,"column":24},"end":{"line":1,"column":25}},"loc":{"start":{"line":1,"column":33},"end":{"line":4,"column":1}},"line":1},"2":{"name":"(anonymous_2)","decl":{"start":{"line":1,"column":33},"end":{"line":1,"column":34}},"loc":{"start":{"line":1,"column":41},"end":{"line":4,"column":1}},"line":1},"3":{"name":"(anonymous_3)","decl":{"start":{"line":1,"column":41},"end":{"line":1,"column":42}},"loc":{"start":{"line":1,"column":51},"end":{"line":4,"column":1}},"line":1}},"branchMap":{},"s":{"0":1,"1":3,"2":3,"3":3,"4":2,"5":2},"f":{"0":3,"1":3,"2":3,"3":2},"b":{},"_coverageSchema":"1a1c01bbd47fc00a2c39e90264f33305004495a9","hash":"f067d1dbd97afed9fc318535a89b0b7109b76d44"}
,"C:\\Users\\ADP\\Front-end-dev\\redux-starter\\src\\store\\middleware\\toast.js": {"path":"C:\\Users\\ADP\\Front-end-dev\\redux-starter\\src\\store\\middleware\\toast.js","statementMap":{"0":{"start":{"line":1,"column":14},"end":{"line":10,"column":1}},"1":{"start":{"line":1,"column":23},"end":{"line":10,"column":1}},"2":{"start":{"line":1,"column":31},"end":{"line":10,"column":1}},"3":{"start":{"line":2,"column":2},"end":{"line":9,"column":3}},"4":{"start":{"line":4,"column":4},"end":{"line":4,"column":52}},"5":{"start":{"line":8,"column":4},"end":{"line":8,"column":24}}},"fnMap":{"0":{"name":"(anonymous_0)","decl":{"start":{"line":1,"column":14},"end":{"line":1,"column":15}},"loc":{"start":{"line":1,"column":23},"end":{"line":10,"column":1}},"line":1},"1":{"name":"(anonymous_1)","decl":{"start":{"line":1,"column":23},"end":{"line":1,"column":24}},"loc":{"start":{"line":1,"column":31},"end":{"line":10,"column":1}},"line":1},"2":{"name":"(anonymous_2)","decl":{"start":{"line":1,"column":31},"end":{"line":1,"column":32}},"loc":{"start":{"line":1,"column":40},"end":{"line":10,"column":1}},"line":1}},"branchMap":{"0":{"loc":{"start":{"line":2,"column":2},"end":{"line":9,"column":3}},"type":"if","locations":[{"start":{"line":2,"column":2},"end":{"line":9,"column":3}},{"start":{"line":7,"column":2},"end":{"line":9,"column":3}}],"line":2}},"s":{"0":1,"1":3,"2":3,"3":2,"4":0,"5":2},"f":{"0":3,"1":3,"2":2},"b":{"0":[0,2]},"_coverageSchema":"1a1c01bbd47fc00a2c39e90264f33305004495a9","hash":"5b16cd23cd780776ef1b5df78a8df7aff585fa0c"}
}
